<?xml version="1.0" encoding="UTF-8"?>
<coverage generated="1735521623330" clover="3.2.0">
  <project timestamp="1735521623330" name="All files">
    <metrics statements="11" coveredstatements="11" conditionals="10" coveredconditionals="10" methods="5" coveredmethods="5" elements="26" coveredelements="26" complexity="0" loc="11" ncloc="11" packages="3" files="6" classes="6"/>
    <package name="components.Heading">
      <metrics statements="5" coveredstatements="5" conditionals="10" coveredconditionals="10" methods="2" coveredmethods="2"/>
      <file name="index.jsx" path="/home/adao/dev/estudos/nextjs/luiz_otavio_miranda/react-strapi-landing-pages/react-landing-pages/src/components/Heading/index.jsx">
        <metrics statements="3" coveredstatements="3" conditionals="4" coveredconditionals="4" methods="1" coveredmethods="1"/>
        <line num="5" count="2" type="stmt"/>
        <line num="12" count="11" type="stmt"/>
        <line num="19" count="2" type="stmt"/>
      </file>
      <file name="styles.js" path="/home/adao/dev/estudos/nextjs/luiz_otavio_miranda/react-strapi-landing-pages/react-landing-pages/src/components/Heading/styles.js">
        <metrics statements="2" coveredstatements="2" conditionals="6" coveredconditionals="6" methods="1" coveredmethods="1"/>
        <line num="3" count="2" type="stmt"/>
        <line num="4" count="11" type="stmt"/>
      </file>
    </package>
    <package name="styles">
      <metrics statements="3" coveredstatements="3" conditionals="0" coveredconditionals="0" methods="1" coveredmethods="1"/>
      <file name="renderTheme.jsx" path="/home/adao/dev/estudos/nextjs/luiz_otavio_miranda/react-strapi-landing-pages/react-landing-pages/src/styles/renderTheme.jsx">
        <metrics statements="2" coveredstatements="2" conditionals="0" coveredconditionals="0" methods="1" coveredmethods="1"/>
        <line num="5" count="2" type="stmt"/>
        <line num="6" count="11" type="stmt"/>
      </file>
      <file name="theme.js" path="/home/adao/dev/estudos/nextjs/luiz_otavio_miranda/react-strapi-landing-pages/react-landing-pages/src/styles/theme.js">
        <metrics statements="1" coveredstatements="1" conditionals="0" coveredconditionals="0" methods="0" coveredmethods="0"/>
        <line num="1" count="2" type="stmt"/>
      </file>
    </package>
    <package name="templates.Home">
      <metrics statements="3" coveredstatements="3" conditionals="0" coveredconditionals="0" methods="2" coveredmethods="2"/>
      <file name="index.jsx" path="/home/adao/dev/estudos/nextjs/luiz_otavio_miranda/react-strapi-landing-pages/react-landing-pages/src/templates/Home/index.jsx">
        <metrics statements="1" coveredstatements="1" conditionals="0" coveredconditionals="0" methods="1" coveredmethods="1"/>
        <line num="5" count="1" type="stmt"/>
      </file>
      <file name="styles.js" path="/home/adao/dev/estudos/nextjs/luiz_otavio_miranda/react-strapi-landing-pages/react-landing-pages/src/templates/Home/styles.js">
        <metrics statements="2" coveredstatements="2" conditionals="0" coveredconditionals="0" methods="1" coveredmethods="1"/>
        <line num="3" count="1" type="stmt"/>
        <line num="4" count="1" type="stmt"/>
      </file>
    </package>
  </project>
</coverage>
