<?xml version="1.0" encoding="UTF-8"?>
<coverage generated="1735603515564" clover="3.2.0">
  <project timestamp="1735603515564" name="All files">
    <metrics statements="25" coveredstatements="25" conditionals="22" coveredconditionals="22" methods="11" coveredmethods="11" elements="58" coveredelements="58" complexity="0" loc="25" ncloc="25" packages="5" files="10" classes="10"/>
    <package name="components.Heading">
      <metrics statements="5" coveredstatements="5" conditionals="10" coveredconditionals="10" methods="2" coveredmethods="2"/>
      <file name="index.jsx" path="/home/adao/dev/estudos/nextjs/luiz_otavio_miranda/react-strapi-landing-pages/react-landing-pages/src/components/Heading/index.jsx">
        <metrics statements="3" coveredstatements="3" conditionals="4" coveredconditionals="4" methods="1" coveredmethods="1"/>
        <line num="5" count="2" type="stmt"/>
        <line num="12" count="12" type="stmt"/>
        <line num="19" count="2" type="stmt"/>
      </file>
      <file name="styles.js" path="/home/adao/dev/estudos/nextjs/luiz_otavio_miranda/react-strapi-landing-pages/react-landing-pages/src/components/Heading/styles.js">
        <metrics statements="2" coveredstatements="2" conditionals="6" coveredconditionals="6" methods="1" coveredmethods="1"/>
        <line num="3" count="2" type="stmt"/>
        <line num="4" count="12" type="stmt"/>
      </file>
    </package>
    <package name="components.MenuLink">
      <metrics statements="6" coveredstatements="6" conditionals="3" coveredconditionals="3" methods="2" coveredmethods="2"/>
      <file name="index.jsx" path="/home/adao/dev/estudos/nextjs/luiz_otavio_miranda/react-strapi-landing-pages/react-landing-pages/src/components/MenuLink/index.jsx">
        <metrics statements="4" coveredstatements="4" conditionals="3" coveredconditionals="3" methods="1" coveredmethods="1"/>
        <line num="4" count="2" type="cond" truecount="1" falsecount="0"/>
        <line num="5" count="22" type="cond" truecount="2" falsecount="0"/>
        <line num="7" count="22" type="stmt"/>
        <line num="14" count="2" type="stmt"/>
      </file>
      <file name="styles.js" path="/home/adao/dev/estudos/nextjs/luiz_otavio_miranda/react-strapi-landing-pages/react-landing-pages/src/components/MenuLink/styles.js">
        <metrics statements="2" coveredstatements="2" conditionals="0" coveredconditionals="0" methods="1" coveredmethods="1"/>
        <line num="3" count="2" type="stmt"/>
        <line num="4" count="22" type="stmt"/>
      </file>
    </package>
    <package name="components.Navbar">
      <metrics statements="6" coveredstatements="6" conditionals="1" coveredconditionals="1" methods="3" coveredmethods="3"/>
      <file name="index.jsx" path="/home/adao/dev/estudos/nextjs/luiz_otavio_miranda/react-strapi-landing-pages/react-landing-pages/src/components/Navbar/index.jsx">
        <metrics statements="4" coveredstatements="4" conditionals="1" coveredconditionals="1" methods="2" coveredmethods="2"/>
        <line num="5" count="1" type="cond" truecount="1" falsecount="0"/>
        <line num="6" count="4" type="stmt"/>
        <line num="9" count="18" type="stmt"/>
        <line num="15" count="1" type="stmt"/>
      </file>
      <file name="styles.js" path="/home/adao/dev/estudos/nextjs/luiz_otavio_miranda/react-strapi-landing-pages/react-landing-pages/src/components/Navbar/styles.js">
        <metrics statements="2" coveredstatements="2" conditionals="0" coveredconditionals="0" methods="1" coveredmethods="1"/>
        <line num="3" count="1" type="stmt"/>
        <line num="4" count="4" type="stmt"/>
      </file>
    </package>
    <package name="components.Text">
      <metrics statements="5" coveredstatements="5" conditionals="8" coveredconditionals="8" methods="2" coveredmethods="2"/>
      <file name="index.jsx" path="/home/adao/dev/estudos/nextjs/luiz_otavio_miranda/react-strapi-landing-pages/react-landing-pages/src/components/Text/index.jsx">
        <metrics statements="3" coveredstatements="3" conditionals="4" coveredconditionals="4" methods="1" coveredmethods="1"/>
        <line num="5" count="2" type="stmt"/>
        <line num="12" count="7" type="stmt"/>
        <line num="19" count="2" type="stmt"/>
      </file>
      <file name="styles.js" path="/home/adao/dev/estudos/nextjs/luiz_otavio_miranda/react-strapi-landing-pages/react-landing-pages/src/components/Text/styles.js">
        <metrics statements="2" coveredstatements="2" conditionals="4" coveredconditionals="4" methods="1" coveredmethods="1"/>
        <line num="3" count="2" type="stmt"/>
        <line num="4" count="7" type="stmt"/>
      </file>
    </package>
    <package name="templates.Home">
      <metrics statements="3" coveredstatements="3" conditionals="0" coveredconditionals="0" methods="2" coveredmethods="2"/>
      <file name="index.jsx" path="/home/adao/dev/estudos/nextjs/luiz_otavio_miranda/react-strapi-landing-pages/react-landing-pages/src/templates/Home/index.jsx">
        <metrics statements="1" coveredstatements="1" conditionals="0" coveredconditionals="0" methods="1" coveredmethods="1"/>
        <line num="6" count="1" type="stmt"/>
      </file>
      <file name="styles.js" path="/home/adao/dev/estudos/nextjs/luiz_otavio_miranda/react-strapi-landing-pages/react-landing-pages/src/templates/Home/styles.js">
        <metrics statements="2" coveredstatements="2" conditionals="0" coveredconditionals="0" methods="1" coveredmethods="1"/>
        <line num="3" count="1" type="stmt"/>
        <line num="4" count="1" type="stmt"/>
      </file>
    </package>
  </project>
</coverage>
