{"/home/adao/dev/estudos/nextjs/luiz_otavio_miranda/react-strapi-landing-pages/react-landing-pages/src/components/Heading/index.jsx": {"path":"/home/adao/dev/estudos/nextjs/luiz_otavio_miranda/react-strapi-landing-pages/react-landing-pages/src/components/Heading/index.jsx","statementMap":{"0":{"start":{"line":5,"column":23},"end":{"line":17,"column":1}},"1":{"start":{"line":12,"column":2},"end":{"line":16,"column":4}},"2":{"start":{"line":19,"column":0},"end":{"line":25,"column":2}}},"fnMap":{"0":{"name":"(anonymous_0)","decl":{"start":{"line":5,"column":23},"end":{"line":5,"column":24}},"loc":{"start":{"line":11,"column":6},"end":{"line":17,"column":1}},"line":11}},"branchMap":{"0":{"loc":{"start":{"line":7,"column":2},"end":{"line":7,"column":13}},"type":"default-arg","locations":[{"start":{"line":7,"column":9},"end":{"line":7,"column":13}}],"line":7},"1":{"loc":{"start":{"line":8,"column":2},"end":{"line":8,"column":11}},"type":"default-arg","locations":[{"start":{"line":8,"column":7},"end":{"line":8,"column":11}}],"line":8},"2":{"loc":{"start":{"line":9,"column":2},"end":{"line":9,"column":17}},"type":"default-arg","locations":[{"start":{"line":9,"column":9},"end":{"line":9,"column":17}}],"line":9},"3":{"loc":{"start":{"line":10,"column":2},"end":{"line":10,"column":19}},"type":"default-arg","locations":[{"start":{"line":10,"column":14},"end":{"line":10,"column":19}}],"line":10}},"s":{"0":2,"1":12,"2":2},"f":{"0":12},"b":{"0":[10],"1":[10],"2":[5],"3":[10]},"_coverageSchema":"1a1c01bbd47fc00a2c39e90264f33305004495a9","hash":"1ffe080074b1f411a893f91ea90d38fd9d65dca3"}
,"/home/adao/dev/estudos/nextjs/luiz_otavio_miranda/react-strapi-landing-pages/react-landing-pages/src/components/Heading/styles.js": {"path":"/home/adao/dev/estudos/nextjs/luiz_otavio_miranda/react-strapi-landing-pages/react-landing-pages/src/components/Heading/styles.js","statementMap":{"0":{"start":{"line":3,"column":21},"end":{"line":18,"column":1}},"1":{"start":{"line":4,"column":44},"end":{"line":17,"column":3}}},"fnMap":{"0":{"name":"(anonymous_0)","decl":{"start":{"line":4,"column":4},"end":{"line":4,"column":5}},"loc":{"start":{"line":4,"column":44},"end":{"line":17,"column":3}},"line":4}},"branchMap":{"0":{"loc":{"start":{"line":5,"column":13},"end":{"line":5,"column":62}},"type":"cond-expr","locations":[{"start":{"line":5,"column":21},"end":{"line":5,"column":41}},{"start":{"line":5,"column":44},"end":{"line":5,"column":62}}],"line":5},"1":{"loc":{"start":{"line":9,"column":6},"end":{"line":14,"column":5}},"type":"binary-expr","locations":[{"start":{"line":9,"column":6},"end":{"line":9,"column":22}},{"start":{"line":10,"column":4},"end":{"line":14,"column":5}}],"line":9},"2":{"loc":{"start":{"line":16,"column":22},"end":{"line":16,"column":55}},"type":"cond-expr","locations":[{"start":{"line":16,"column":35},"end":{"line":16,"column":46}},{"start":{"line":16,"column":49},"end":{"line":16,"column":55}}],"line":16}},"s":{"0":2,"1":12},"f":{"0":12},"b":{"0":[10,2],"1":[12,8],"2":[1,11]},"_coverageSchema":"1a1c01bbd47fc00a2c39e90264f33305004495a9","hash":"9c7f4f3e0a6ff15a0047842028419b4faf405e81"}
,"/home/adao/dev/estudos/nextjs/luiz_otavio_miranda/react-strapi-landing-pages/react-landing-pages/src/components/MenuLink/index.jsx": {"path":"/home/adao/dev/estudos/nextjs/luiz_otavio_miranda/react-strapi-landing-pages/react-landing-pages/src/components/MenuLink/index.jsx","statementMap":{"0":{"start":{"line":4,"column":24},"end":{"line":12,"column":1}},"1":{"start":{"line":5,"column":17},"end":{"line":5,"column":44}},"2":{"start":{"line":7,"column":2},"end":{"line":11,"column":4}},"3":{"start":{"line":14,"column":0},"end":{"line":18,"column":2}}},"fnMap":{"0":{"name":"(anonymous_0)","decl":{"start":{"line":4,"column":24},"end":{"line":4,"column":25}},"loc":{"start":{"line":4,"column":64},"end":{"line":12,"column":1}},"line":4}},"branchMap":{"0":{"loc":{"start":{"line":4,"column":43},"end":{"line":4,"column":57}},"type":"default-arg","locations":[{"start":{"line":4,"column":52},"end":{"line":4,"column":57}}],"line":4},"1":{"loc":{"start":{"line":5,"column":17},"end":{"line":5,"column":44}},"type":"cond-expr","locations":[{"start":{"line":5,"column":26},"end":{"line":5,"column":34}},{"start":{"line":5,"column":37},"end":{"line":5,"column":44}}],"line":5}},"s":{"0":2,"1":22,"2":22,"3":2},"f":{"0":22},"b":{"0":[3],"1":[1,21]},"_coverageSchema":"1a1c01bbd47fc00a2c39e90264f33305004495a9","hash":"dd5ccf14c5cae1188dac26d60e5cb5b72a7995e0"}
,"/home/adao/dev/estudos/nextjs/luiz_otavio_miranda/react-strapi-landing-pages/react-landing-pages/src/components/MenuLink/styles.js": {"path":"/home/adao/dev/estudos/nextjs/luiz_otavio_miranda/react-strapi-landing-pages/react-landing-pages/src/components/MenuLink/styles.js","statementMap":{"0":{"start":{"line":3,"column":20},"end":{"line":29,"column":1}},"1":{"start":{"line":4,"column":19},"end":{"line":28,"column":3}}},"fnMap":{"0":{"name":"(anonymous_0)","decl":{"start":{"line":4,"column":4},"end":{"line":4,"column":5}},"loc":{"start":{"line":4,"column":19},"end":{"line":28,"column":3}},"line":4}},"branchMap":{},"s":{"0":2,"1":22},"f":{"0":22},"b":{},"_coverageSchema":"1a1c01bbd47fc00a2c39e90264f33305004495a9","hash":"9c7532a1fda31a859c269fa21fbb3f1c30bd2ca2"}
,"/home/adao/dev/estudos/nextjs/luiz_otavio_miranda/react-strapi-landing-pages/react-landing-pages/src/components/Navbar/index.jsx": {"path":"/home/adao/dev/estudos/nextjs/luiz_otavio_miranda/react-strapi-landing-pages/react-landing-pages/src/components/Navbar/index.jsx","statementMap":{"0":{"start":{"line":5,"column":22},"end":{"line":13,"column":1}},"1":{"start":{"line":6,"column":2},"end":{"line":12,"column":4}},"2":{"start":{"line":9,"column":8},"end":{"line":9,"column":42}},"3":{"start":{"line":15,"column":0},"end":{"line":23,"column":2}}},"fnMap":{"0":{"name":"(anonymous_0)","decl":{"start":{"line":5,"column":22},"end":{"line":5,"column":23}},"loc":{"start":{"line":5,"column":42},"end":{"line":13,"column":1}},"line":5},"1":{"name":"(anonymous_1)","decl":{"start":{"line":8,"column":17},"end":{"line":8,"column":18}},"loc":{"start":{"line":9,"column":8},"end":{"line":9,"column":42}},"line":9}},"branchMap":{"0":{"loc":{"start":{"line":5,"column":25},"end":{"line":5,"column":35}},"type":"default-arg","locations":[{"start":{"line":5,"column":33},"end":{"line":5,"column":35}}],"line":5}},"s":{"0":1,"1":4,"2":18,"3":1},"f":{"0":4,"1":18},"b":{"0":[1]},"_coverageSchema":"1a1c01bbd47fc00a2c39e90264f33305004495a9","hash":"879ec24bc055d783ba92ce98ce51833987fc4e7c"}
,"/home/adao/dev/estudos/nextjs/luiz_otavio_miranda/react-strapi-landing-pages/react-landing-pages/src/components/Navbar/styles.js": {"path":"/home/adao/dev/estudos/nextjs/luiz_otavio_miranda/react-strapi-landing-pages/react-landing-pages/src/components/Navbar/styles.js","statementMap":{"0":{"start":{"line":3,"column":25},"end":{"line":15,"column":1}},"1":{"start":{"line":4,"column":19},"end":{"line":14,"column":3}}},"fnMap":{"0":{"name":"(anonymous_0)","decl":{"start":{"line":4,"column":4},"end":{"line":4,"column":5}},"loc":{"start":{"line":4,"column":19},"end":{"line":14,"column":3}},"line":4}},"branchMap":{},"s":{"0":1,"1":4},"f":{"0":4},"b":{},"_coverageSchema":"1a1c01bbd47fc00a2c39e90264f33305004495a9","hash":"bf41925be4936379ea547cc58a5887163fe4876b"}
,"/home/adao/dev/estudos/nextjs/luiz_otavio_miranda/react-strapi-landing-pages/react-landing-pages/src/components/Text/index.jsx": {"path":"/home/adao/dev/estudos/nextjs/luiz_otavio_miranda/react-strapi-landing-pages/react-landing-pages/src/components/Text/index.jsx","statementMap":{"0":{"start":{"line":5,"column":20},"end":{"line":17,"column":1}},"1":{"start":{"line":12,"column":2},"end":{"line":16,"column":4}},"2":{"start":{"line":19,"column":0},"end":{"line":25,"column":2}}},"fnMap":{"0":{"name":"(anonymous_0)","decl":{"start":{"line":5,"column":20},"end":{"line":5,"column":21}},"loc":{"start":{"line":11,"column":6},"end":{"line":17,"column":1}},"line":11}},"branchMap":{"0":{"loc":{"start":{"line":7,"column":2},"end":{"line":7,"column":17}},"type":"default-arg","locations":[{"start":{"line":7,"column":9},"end":{"line":7,"column":17}}],"line":7},"1":{"loc":{"start":{"line":8,"column":2},"end":{"line":8,"column":13}},"type":"default-arg","locations":[{"start":{"line":8,"column":9},"end":{"line":8,"column":13}}],"line":8},"2":{"loc":{"start":{"line":9,"column":2},"end":{"line":9,"column":14}},"type":"default-arg","locations":[{"start":{"line":9,"column":9},"end":{"line":9,"column":14}}],"line":9},"3":{"loc":{"start":{"line":10,"column":2},"end":{"line":10,"column":16}},"type":"default-arg","locations":[{"start":{"line":10,"column":10},"end":{"line":10,"column":16}}],"line":10}},"s":{"0":2,"1":7,"2":2},"f":{"0":7},"b":{"0":[6],"1":[5],"2":[6],"3":[6]},"_coverageSchema":"1a1c01bbd47fc00a2c39e90264f33305004495a9","hash":"ff82bd67699b22976ce8f45a086ffb1d13d8904d"}
,"/home/adao/dev/estudos/nextjs/luiz_otavio_miranda/react-strapi-landing-pages/react-landing-pages/src/components/Text/styles.js": {"path":"/home/adao/dev/estudos/nextjs/luiz_otavio_miranda/react-strapi-landing-pages/react-landing-pages/src/components/Text/styles.js","statementMap":{"0":{"start":{"line":3,"column":17},"end":{"line":11,"column":1}},"1":{"start":{"line":4,"column":48},"end":{"line":10,"column":3}}},"fnMap":{"0":{"name":"(anonymous_0)","decl":{"start":{"line":4,"column":4},"end":{"line":4,"column":5}},"loc":{"start":{"line":4,"column":48},"end":{"line":10,"column":3}},"line":4}},"branchMap":{"0":{"loc":{"start":{"line":7,"column":13},"end":{"line":7,"column":62}},"type":"cond-expr","locations":[{"start":{"line":7,"column":21},"end":{"line":7,"column":41}},{"start":{"line":7,"column":44},"end":{"line":7,"column":62}}],"line":7},"1":{"loc":{"start":{"line":9,"column":19},"end":{"line":9,"column":44}},"type":"cond-expr","locations":[{"start":{"line":9,"column":27},"end":{"line":9,"column":33}},{"start":{"line":9,"column":36},"end":{"line":9,"column":44}}],"line":9}},"s":{"0":2,"1":7},"f":{"0":7},"b":{"0":[5,2],"1":[1,6]},"_coverageSchema":"1a1c01bbd47fc00a2c39e90264f33305004495a9","hash":"5fb635517729d431d74ae0b43e74dac1d75b7627"}
,"/home/adao/dev/estudos/nextjs/luiz_otavio_miranda/react-strapi-landing-pages/react-landing-pages/src/templates/Home/index.jsx": {"path":"/home/adao/dev/estudos/nextjs/luiz_otavio_miranda/react-strapi-landing-pages/react-landing-pages/src/templates/Home/index.jsx","statementMap":{"0":{"start":{"line":6,"column":2},"end":{"line":20,"column":4}}},"fnMap":{"0":{"name":"Home","decl":{"start":{"line":5,"column":9},"end":{"line":5,"column":13}},"loc":{"start":{"line":5,"column":16},"end":{"line":21,"column":1}},"line":5}},"branchMap":{},"s":{"0":1},"f":{"0":1},"b":{},"_coverageSchema":"1a1c01bbd47fc00a2c39e90264f33305004495a9","hash":"02196b0648687fe1c449840a271e8bf3c805b4c0"}
,"/home/adao/dev/estudos/nextjs/luiz_otavio_miranda/react-strapi-landing-pages/react-landing-pages/src/templates/Home/styles.js": {"path":"/home/adao/dev/estudos/nextjs/luiz_otavio_miranda/react-strapi-landing-pages/react-landing-pages/src/templates/Home/styles.js","statementMap":{"0":{"start":{"line":3,"column":25},"end":{"line":14,"column":1}},"1":{"start":{"line":4,"column":19},"end":{"line":13,"column":3}}},"fnMap":{"0":{"name":"(anonymous_0)","decl":{"start":{"line":4,"column":4},"end":{"line":4,"column":5}},"loc":{"start":{"line":4,"column":19},"end":{"line":13,"column":3}},"line":4}},"branchMap":{},"s":{"0":1,"1":1},"f":{"0":1},"b":{},"_coverageSchema":"1a1c01bbd47fc00a2c39e90264f33305004495a9","hash":"27cdfcfe2648ed81b577c16f835588c0735c3fbc"}
}
