{"/home/adao/dev/estudos/nextjs/luiz_otavio_miranda/react-strapi-landing-pages/react-landing-pages/src/components/Heading/index.jsx": {"path":"/home/adao/dev/estudos/nextjs/luiz_otavio_miranda/react-strapi-landing-pages/react-landing-pages/src/components/Heading/index.jsx","statementMap":{"0":{"start":{"line":5,"column":23},"end":{"line":17,"column":1}},"1":{"start":{"line":12,"column":2},"end":{"line":16,"column":4}},"2":{"start":{"line":19,"column":0},"end":{"line":25,"column":2}}},"fnMap":{"0":{"name":"(anonymous_0)","decl":{"start":{"line":5,"column":23},"end":{"line":5,"column":24}},"loc":{"start":{"line":11,"column":6},"end":{"line":17,"column":1}},"line":11}},"branchMap":{"0":{"loc":{"start":{"line":7,"column":2},"end":{"line":7,"column":13}},"type":"default-arg","locations":[{"start":{"line":7,"column":9},"end":{"line":7,"column":13}}],"line":7},"1":{"loc":{"start":{"line":8,"column":2},"end":{"line":8,"column":11}},"type":"default-arg","locations":[{"start":{"line":8,"column":7},"end":{"line":8,"column":11}}],"line":8},"2":{"loc":{"start":{"line":9,"column":2},"end":{"line":9,"column":17}},"type":"default-arg","locations":[{"start":{"line":9,"column":9},"end":{"line":9,"column":17}}],"line":9},"3":{"loc":{"start":{"line":10,"column":2},"end":{"line":10,"column":19}},"type":"default-arg","locations":[{"start":{"line":10,"column":14},"end":{"line":10,"column":19}}],"line":10}},"s":{"0":2,"1":11,"2":2},"f":{"0":11},"b":{"0":[9],"1":[9],"2":[4],"3":[9]},"_coverageSchema":"1a1c01bbd47fc00a2c39e90264f33305004495a9","hash":"1ffe080074b1f411a893f91ea90d38fd9d65dca3"}
,"/home/adao/dev/estudos/nextjs/luiz_otavio_miranda/react-strapi-landing-pages/react-landing-pages/src/components/Heading/styles.js": {"path":"/home/adao/dev/estudos/nextjs/luiz_otavio_miranda/react-strapi-landing-pages/react-landing-pages/src/components/Heading/styles.js","statementMap":{"0":{"start":{"line":3,"column":21},"end":{"line":18,"column":1}},"1":{"start":{"line":4,"column":44},"end":{"line":17,"column":3}}},"fnMap":{"0":{"name":"(anonymous_0)","decl":{"start":{"line":4,"column":4},"end":{"line":4,"column":5}},"loc":{"start":{"line":4,"column":44},"end":{"line":17,"column":3}},"line":4}},"branchMap":{"0":{"loc":{"start":{"line":5,"column":13},"end":{"line":5,"column":62}},"type":"cond-expr","locations":[{"start":{"line":5,"column":21},"end":{"line":5,"column":41}},{"start":{"line":5,"column":44},"end":{"line":5,"column":62}}],"line":5},"1":{"loc":{"start":{"line":9,"column":6},"end":{"line":14,"column":5}},"type":"binary-expr","locations":[{"start":{"line":9,"column":6},"end":{"line":9,"column":22}},{"start":{"line":10,"column":4},"end":{"line":14,"column":5}}],"line":9},"2":{"loc":{"start":{"line":16,"column":22},"end":{"line":16,"column":55}},"type":"cond-expr","locations":[{"start":{"line":16,"column":35},"end":{"line":16,"column":46}},{"start":{"line":16,"column":49},"end":{"line":16,"column":55}}],"line":16}},"s":{"0":2,"1":11},"f":{"0":11},"b":{"0":[9,2],"1":[11,7],"2":[1,10]},"_coverageSchema":"1a1c01bbd47fc00a2c39e90264f33305004495a9","hash":"9c7f4f3e0a6ff15a0047842028419b4faf405e81"}
,"/home/adao/dev/estudos/nextjs/luiz_otavio_miranda/react-strapi-landing-pages/react-landing-pages/src/styles/renderTheme.jsx": {"path":"/home/adao/dev/estudos/nextjs/luiz_otavio_miranda/react-strapi-landing-pages/react-landing-pages/src/styles/renderTheme.jsx","statementMap":{"0":{"start":{"line":5,"column":27},"end":{"line":7,"column":1}},"1":{"start":{"line":6,"column":2},"end":{"line":6,"column":73}}},"fnMap":{"0":{"name":"(anonymous_0)","decl":{"start":{"line":5,"column":27},"end":{"line":5,"column":28}},"loc":{"start":{"line":5,"column":41},"end":{"line":7,"column":1}},"line":5}},"branchMap":{},"s":{"0":2,"1":11},"f":{"0":11},"b":{},"_coverageSchema":"1a1c01bbd47fc00a2c39e90264f33305004495a9","hash":"4e22af84af55d01accd5e13fd7aa95482576877c"}
,"/home/adao/dev/estudos/nextjs/luiz_otavio_miranda/react-strapi-landing-pages/react-landing-pages/src/styles/theme.js": {"path":"/home/adao/dev/estudos/nextjs/luiz_otavio_miranda/react-strapi-landing-pages/react-landing-pages/src/styles/theme.js","statementMap":{"0":{"start":{"line":1,"column":21},"end":{"line":26,"column":1}}},"fnMap":{},"branchMap":{},"s":{"0":2},"f":{},"b":{},"_coverageSchema":"1a1c01bbd47fc00a2c39e90264f33305004495a9","hash":"3572b6a11f9f0d32f806892d4487db42b2065c75"}
,"/home/adao/dev/estudos/nextjs/luiz_otavio_miranda/react-strapi-landing-pages/react-landing-pages/src/templates/Home/index.jsx": {"path":"/home/adao/dev/estudos/nextjs/luiz_otavio_miranda/react-strapi-landing-pages/react-landing-pages/src/templates/Home/index.jsx","statementMap":{"0":{"start":{"line":5,"column":2},"end":{"line":13,"column":4}}},"fnMap":{"0":{"name":"Home","decl":{"start":{"line":4,"column":9},"end":{"line":4,"column":13}},"loc":{"start":{"line":4,"column":16},"end":{"line":14,"column":1}},"line":4}},"branchMap":{},"s":{"0":1},"f":{"0":1},"b":{},"_coverageSchema":"1a1c01bbd47fc00a2c39e90264f33305004495a9","hash":"03731dc44673acdb0a9132c9197374239be2d398"}
,"/home/adao/dev/estudos/nextjs/luiz_otavio_miranda/react-strapi-landing-pages/react-landing-pages/src/templates/Home/styles.js": {"path":"/home/adao/dev/estudos/nextjs/luiz_otavio_miranda/react-strapi-landing-pages/react-landing-pages/src/templates/Home/styles.js","statementMap":{"0":{"start":{"line":3,"column":25},"end":{"line":11,"column":1}},"1":{"start":{"line":4,"column":19},"end":{"line":10,"column":3}}},"fnMap":{"0":{"name":"(anonymous_0)","decl":{"start":{"line":4,"column":4},"end":{"line":4,"column":5}},"loc":{"start":{"line":4,"column":19},"end":{"line":10,"column":3}},"line":4}},"branchMap":{},"s":{"0":1,"1":1},"f":{"0":1},"b":{},"_coverageSchema":"1a1c01bbd47fc00a2c39e90264f33305004495a9","hash":"80d4be981c9835d47820df05c2c9967cc51e4e1e"}
}
