TN:
SF:src/components/Heading/index.jsx
FN:5,(anonymous_0)
FNF:1
FNH:1
FNDA:11,(anonymous_0)
DA:5,2
DA:12,11
DA:19,2
LF:3
LH:3
BRDA:7,0,0,9
BRDA:8,1,0,9
BRDA:9,2,0,4
BRDA:10,3,0,9
BRF:4
BRH:4
end_of_record
TN:
SF:src/components/Heading/styles.js
FN:4,(anonymous_0)
FNF:1
FNH:1
FNDA:11,(anonymous_0)
DA:3,2
DA:4,11
LF:2
LH:2
BRDA:5,0,0,9
BRDA:5,0,1,2
BRDA:9,1,0,11
BRDA:9,1,1,7
BRDA:16,2,0,1
BRDA:16,2,1,10
BRF:6
BRH:6
end_of_record
TN:
SF:src/styles/renderTheme.jsx
FN:5,(anonymous_0)
FNF:1
FNH:1
FNDA:11,(anonymous_0)
DA:5,2
DA:6,11
LF:2
LH:2
BRF:0
BRH:0
end_of_record
TN:
SF:src/styles/theme.js
FNF:0
FNH:0
DA:1,2
LF:1
LH:1
BRF:0
BRH:0
end_of_record
TN:
SF:src/templates/Home/index.jsx
FN:4,Home
FNF:1
FNH:1
FNDA:1,Home
DA:5,1
LF:1
LH:1
BRF:0
BRH:0
end_of_record
TN:
SF:src/templates/Home/styles.js
FN:4,(anonymous_0)
FNF:1
FNH:1
FNDA:1,(anonymous_0)
DA:3,1
DA:4,1
LF:2
LH:2
BRF:0
BRH:0
end_of_record
