TN:
SF:src/components/Heading/index.jsx
FN:5,(anonymous_0)
FNF:1
FNH:1
FNDA:12,(anonymous_0)
DA:5,2
DA:12,12
DA:19,2
LF:3
LH:3
BRDA:7,0,0,10
BRDA:8,1,0,10
BRDA:9,2,0,5
BRDA:10,3,0,10
BRF:4
BRH:4
end_of_record
TN:
SF:src/components/Heading/styles.js
FN:4,(anonymous_0)
FNF:1
FNH:1
FNDA:12,(anonymous_0)
DA:3,2
DA:4,12
LF:2
LH:2
BRDA:5,0,0,10
BRDA:5,0,1,2
BRDA:9,1,0,12
BRDA:9,1,1,8
BRDA:16,2,0,1
BRDA:16,2,1,11
BRF:6
BRH:6
end_of_record
TN:
SF:src/components/MenuLink/index.jsx
FN:4,(anonymous_0)
FNF:1
FNH:1
FNDA:22,(anonymous_0)
DA:4,2
DA:5,22
DA:7,22
DA:14,2
LF:4
LH:4
BRDA:4,0,0,3
BRDA:5,1,0,1
BRDA:5,1,1,21
BRF:3
BRH:3
end_of_record
TN:
SF:src/components/MenuLink/styles.js
FN:4,(anonymous_0)
FNF:1
FNH:1
FNDA:22,(anonymous_0)
DA:3,2
DA:4,22
LF:2
LH:2
BRF:0
BRH:0
end_of_record
TN:
SF:src/components/Navbar/index.jsx
FN:5,(anonymous_0)
FN:8,(anonymous_1)
FNF:2
FNH:2
FNDA:4,(anonymous_0)
FNDA:18,(anonymous_1)
DA:5,1
DA:6,4
DA:9,18
DA:15,1
LF:4
LH:4
BRDA:5,0,0,1
BRF:1
BRH:1
end_of_record
TN:
SF:src/components/Navbar/styles.js
FN:4,(anonymous_0)
FNF:1
FNH:1
FNDA:4,(anonymous_0)
DA:3,1
DA:4,4
LF:2
LH:2
BRF:0
BRH:0
end_of_record
TN:
SF:src/components/Text/index.jsx
FN:5,(anonymous_0)
FNF:1
FNH:1
FNDA:7,(anonymous_0)
DA:5,2
DA:12,7
DA:19,2
LF:3
LH:3
BRDA:7,0,0,6
BRDA:8,1,0,5
BRDA:9,2,0,6
BRDA:10,3,0,6
BRF:4
BRH:4
end_of_record
TN:
SF:src/components/Text/styles.js
FN:4,(anonymous_0)
FNF:1
FNH:1
FNDA:7,(anonymous_0)
DA:3,2
DA:4,7
LF:2
LH:2
BRDA:7,0,0,5
BRDA:7,0,1,2
BRDA:9,1,0,1
BRDA:9,1,1,6
BRF:4
BRH:4
end_of_record
TN:
SF:src/templates/Home/index.jsx
FN:5,Home
FNF:1
FNH:1
FNDA:1,Home
DA:6,1
LF:1
LH:1
BRF:0
BRH:0
end_of_record
TN:
SF:src/templates/Home/styles.js
FN:4,(anonymous_0)
FNF:1
FNH:1
FNDA:1,(anonymous_0)
DA:3,1
DA:4,1
LF:2
LH:2
BRF:0
BRH:0
end_of_record
